<?xml version="1.0" encoding="UTF-8"?>
<!-- Generated by org.testng.reporters.JUnitXMLReporter -->
<testsuite ignored="0" hostname="DESKTOP-8933E9J" failures="0" tests="4" name="Academe.HomePage" time="0.143" errors="0" timestamp="2020-12-11T01:24:05 MEZ">
  <testcase classname="Academe.validateNavBar" name="@BeforeTest initialize" time="0.009">
    <failure type="java.lang.NullPointerException">
      <![CDATA[java.lang.NullPointerException
at resources.base.initializeDriver(base.java:34)
at Academe.validateNavBar.initialize(validateNavBar.java:27)
at java.base/java.util.concurrent.FutureTask.run(FutureTask.java:264)
at java.base/java.util.concurrent.ThreadPoolExecutor.runWorker(ThreadPoolExecutor.java:1135)
at java.base/java.util.concurrent.ThreadPoolExecutor$Worker.run(ThreadPoolExecutor.java:635)
at java.base/java.lang.Thread.run(Thread.java:844)
... Removed 15 stack frames]]>
    </failure>
  </testcase> <!-- @BeforeTest initialize -->
  <testcase classname="Academe.validateNavBar" name="@AfterTest teardown" time="-1.607646245485E9">
    <skipped/>
  </testcase> <!-- @AfterTest teardown -->
  <testcase classname="Academe.validateNavBar" name="basePageNavigation" time="0.0">
    <skipped/>
  </testcase> <!-- basePageNavigation -->
  <testcase classname="Academe.HomePage" name="basePageNavigation" time="0.0">
    <skipped/>
  </testcase> <!-- basePageNavigation -->
  <testcase classname="Academe.validateTitle" name="basePageNavigation" time="0.0">
    <skipped/>
  </testcase> <!-- basePageNavigation -->
  <testcase classname="Academe.HomePage" name="basePageNavigation" time="0.0">
    <skipped/>
  </testcase> <!-- basePageNavigation -->
</testsuite> <!-- Academe.HomePage -->
