<?xml version="1.0" encoding="UTF-8"?>
<!-- Generated by org.testng.reporters.JUnitXMLReporter -->
<testsuite ignored="0" hostname="DESKTOP-8933E9J" failures="0" tests="4" name="Academe.validateTitle" time="21.14" errors="0" timestamp="2020-12-18T02:29:35 MEZ">
  <testcase classname="Academe.validateNavBar" name="basePageNavigation" time="8.465"/>
  <testcase classname="Academe.validateTitle" name="validateHeader" time="0.118"/>
  <testcase classname="Academe.validateTitle" name="validateTitle" time="0.04"/>
  <testcase classname="Academe.HomePage" name="basePageNavigation" time="17.054"/>
</testsuite> <!-- Academe.validateTitle -->
