<?xml version="1.0" encoding="UTF-8"?>
<!-- Generated by org.testng.reporters.JUnitXMLReporter -->
<testsuite ignored="0" hostname="DESKTOP-8933E9J" failures="0" tests="4" name="Test" time="47.891" errors="0" timestamp="2020-12-08T14:12:39 MEZ">
  <testcase classname="Academe.HomePage" name="basePageNavigation" time="11.53"/>
  <testcase classname="Academe.HomePage" name="basePageNavigation" time="13.098"/>
  <testcase classname="Academe.validateTitle" name="basePageNavigation" time="0.228"/>
  <testcase classname="Academe.validateNavBar" name="basePageNavigation" time="0.297"/>
</testsuite> <!-- Test -->
